error: createListing: TypeError: Cannot read properties of undefined (reading 'trim') {"timestamp":"2024-01-02T08:13:51.871+01:00"}
error: createListing: TypeError: Cannot read properties of undefined (reading 'trim') {"timestamp":"2024-01-02T08:14:06.852+01:00"}
error: createListing: ValidationError: descriptiontag: Path `descriptiontag` is required. {"timestamp":"2024-01-02T08:31:33.144+01:00"}
error: createListing: ValidationError: locationTag: Path `locationTag` is required. {"timestamp":"2024-01-02T08:37:39.385+01:00"}
error: createListing: ValidationError: bedType: `4+ Bedroom` is not a valid enum value for path `bedType`. {"timestamp":"2024-01-03T11:11:01.688+01:00"}
error: createListing: SyntaxError: "undefined" is not valid JSON {"timestamp":"2024-01-03T15:11:02.369+01:00"}
error: createListing: SyntaxError: "undefined" is not valid JSON {"timestamp":"2024-01-03T15:13:12.562+01:00"}
error: createListing: ValidationError: property: Path `property` is required., bedType: Path `bedType` is required., location: Path `location` is required. {"timestamp":"2024-01-05T21:36:11.530+01:00"}
error: createListing: ValidationError: location: Path `location` is required., bedType: `4 Bed` is not a valid enum value for path `bedType`. {"timestamp":"2024-01-05T21:37:58.284+01:00"}
error: createListing: ValidationError: location: Path `location` is required. {"timestamp":"2024-01-05T21:38:15.080+01:00"}
error: createListing: TypeError: Cannot read properties of undefined (reading 'trim') {"timestamp":"2024-01-06T05:26:48.406+01:00"}
error: createListing: ValidationError: property: Path `property` is required., bedType: Path `bedType` is required. {"timestamp":"2024-01-06T05:37:40.681+01:00"}
error: createListing: ValidationError: property: Path `property` is required. {"timestamp":"2024-01-06T05:50:57.525+01:00"}
error: createListing: MongoServerError: E11000 duplicate key error collection: SPLIT_ASSET.listings index: _id_ dup key: { _id: ObjectId('65956c078408637e84b514bd') } {"timestamp":"2024-01-06T05:52:39.318+01:00"}
error: createListing: TypeError [ERR_INVALID_ARG_TYPE]: The "data" argument must be of type string or an instance of Buffer, TypedArray, or DataView. Received undefined {"timestamp":"2024-01-06T05:56:48.242+01:00"}
error: createListing: TypeError [ERR_INVALID_ARG_TYPE]: The "data" argument must be of type string or an instance of Buffer, TypedArray, or DataView. Received undefined {"timestamp":"2024-01-06T05:59:30.990+01:00"}
error: createListing: TypeError [ERR_INVALID_ARG_TYPE]: The "data" argument must be of type string or an instance of Buffer, TypedArray, or DataView. Received undefined {"timestamp":"2024-01-06T06:00:33.899+01:00"}
error: createListing: TypeError [ERR_INVALID_ARG_TYPE]: The "data" argument must be of type string or an instance of Buffer, TypedArray, or DataView. Received undefined {"timestamp":"2024-01-06T06:16:02.835+01:00"}
error: createListing: ValidationError: property: `` is not a valid enum value for path `property`. {"timestamp":"2024-01-06T06:44:36.312+01:00"}
error: createListing: TypeError [ERR_INVALID_ARG_TYPE]: The "data" argument must be of type string or an instance of Buffer, TypedArray, or DataView. Received undefined {"timestamp":"2024-01-06T06:46:11.466+01:00"}
error: addSubscriber: ValidationError: user: Path `user` is required., listing: Path `listing` is required. {"timestamp":"2024-01-07T07:38:26.928+01:00"}
error: addSubscriber: ValidationError: listing: Path `listing` is required. {"timestamp":"2024-01-07T07:39:19.227+01:00"}
error: publishListing: ValidationError: shares: `` is not a valid enum value for path `shares`. {"timestamp":"2024-01-07T09:02:37.763+01:00"}
error: publishListing: ValidationError: shares: `` is not a valid enum value for path `shares`. {"timestamp":"2024-01-07T09:02:47.607+01:00"}
error: publishListing: ValidationError: shares: `` is not a valid enum value for path `shares`. {"timestamp":"2024-01-07T09:03:00.835+01:00"}
error: createListing: ValidationError: "user" is required {"timestamp":"2024-01-07T10:22:45.887+01:00"}
error: createListing: ValidationError: "user" is required {"timestamp":"2024-01-07T10:22:59.961+01:00"}
error: createListing: ValidationError: "user" is required {"timestamp":"2024-01-07T10:24:06.485+01:00"}
error: createListing: ValidationError: user: Path `user` is required. {"timestamp":"2024-01-07T10:28:59.075+01:00"}
error: createListing: ValidationError: shares: `` is not a valid enum value for path `shares`. {"timestamp":"2024-01-08T19:57:44.212+01:00"}
error: createListing: ValidationError: shares: `` is not a valid enum value for path `shares`. {"timestamp":"2024-01-08T19:57:53.470+01:00"}
error: createListing: SyntaxError: "undefined" is not valid JSON {"timestamp":"2024-01-10T15:38:33.359+01:00"}
error: createListing: SyntaxError: "undefined" is not valid JSON {"timestamp":"2024-01-10T15:38:33.424+01:00"}
error: createListing: TypeError: imageFiles is not iterable {"timestamp":"2024-01-11T08:16:08.773+01:00"}
error: createListing: TypeError: imageFiles is not iterable {"timestamp":"2024-01-11T08:17:11.378+01:00"}
error: createListing: TypeError [ERR_INVALID_ARG_TYPE]: The "data" argument must be of type string or an instance of Buffer, TypedArray, or DataView. Received undefined {"timestamp":"2024-01-11T08:31:05.515+01:00"}
error: createListing: TypeError [ERR_INVALID_ARG_TYPE]: The "data" argument must be of type string or an instance of Buffer, TypedArray, or DataView. Received undefined {"timestamp":"2024-01-11T08:32:30.087+01:00"}
error: createListing: TypeError [ERR_INVALID_ARG_TYPE]: The "data" argument must be of type string or an instance of Buffer, TypedArray, or DataView. Received undefined {"timestamp":"2024-01-11T08:34:35.954+01:00"}
error: createListing: TypeError [ERR_INVALID_ARG_TYPE]: The "data" argument must be of type string or an instance of Buffer, TypedArray, or DataView. Received undefined {"timestamp":"2024-01-11T08:36:28.928+01:00"}
error: createListing: TypeError [ERR_INVALID_ARG_TYPE]: The "data" argument must be of type string or an instance of Buffer, TypedArray, or DataView. Received undefined {"timestamp":"2024-01-11T08:36:49.266+01:00"}
error: createListing: TypeError: undefined is not iterable (cannot read property Symbol(Symbol.iterator)) {"timestamp":"2024-01-11T08:41:54.471+01:00"}
error: createListing: TypeError: undefined is not iterable (cannot read property Symbol(Symbol.iterator)) {"timestamp":"2024-01-11T08:43:56.556+01:00"}
error: createListing: TypeError: undefined is not iterable (cannot read property Symbol(Symbol.iterator)) {"timestamp":"2024-01-11T08:44:37.602+01:00"}
error: createListing: TypeError: undefined is not iterable (cannot read property Symbol(Symbol.iterator)) {"timestamp":"2024-01-11T08:47:39.414+01:00"}
error: createListing: TypeError: undefined is not iterable (cannot read property Symbol(Symbol.iterator)) {"timestamp":"2024-01-11T08:48:14.098+01:00"}
error: addSubscriber: ValidationError: paymentOwed: Path `paymentOwed` is required., paymentComplete: Path `paymentComplete` is required. {"timestamp":"2024-01-11T10:30:55.249+01:00"}
error: uploadPaymentProof: SyntaxError: Unexpected non-whitespace character after JSON at position 3 {"timestamp":"2024-01-11T16:03:21.438+01:00"}
error: createListing: SyntaxError: "undefined" is not valid JSON {"timestamp":"2024-01-12T21:32:49.475+01:00"}
error: createListing: SyntaxError: "undefined" is not valid JSON {"timestamp":"2024-01-12T21:32:49.504+01:00"}
error: createListing: SyntaxError: "undefined" is not valid JSON {"timestamp":"2024-01-12T21:32:56.484+01:00"}
error: createListing: SyntaxError: "undefined" is not valid JSON {"timestamp":"2024-01-12T21:32:56.490+01:00"}
error: createListing: SyntaxError: "undefined" is not valid JSON {"timestamp":"2024-01-12T21:32:56.548+01:00"}
error: createListing: SyntaxError: "undefined" is not valid JSON {"timestamp":"2024-01-12T22:12:52.672+01:00"}
error: createListing: SyntaxError: "undefined" is not valid JSON {"timestamp":"2024-01-12T22:12:52.677+01:00"}
error: createListing: SyntaxError: "undefined" is not valid JSON {"timestamp":"2024-01-12T22:12:52.683+01:00"}
error: createListing: SyntaxError: "undefined" is not valid JSON {"timestamp":"2024-01-12T22:12:52.732+01:00"}
